2025-11-15 15:24:03.469507 (3477780) main____ INFO    ----------------------------------------
2025-11-15 15:24:03.469704 (3477780) main____ INFO    JasperGold version info
2025-11-15 15:24:03.469774 (3477780) main____ INFO      tool      : JasperGold 2021.03
2025-11-15 15:24:03.469912 (3477780) main____ INFO      version   : 2021.03 FCS 64 bits
2025-11-15 15:24:03.469973 (3477780) main____ INFO      build date: 2021.03.23 02:50:43 UTC
2025-11-15 15:24:03.470125 (3477780) main____ INFO    ----------------------------------------
2025-11-15 15:24:03.470276 (3477780) main____ INFO    Runtime info:
2025-11-15 15:24:03.470338 (3477780) main____ INFO      platform  : Linux 5.14.0-570.62.1.el9_6.x86_64 x86_64
2025-11-15 15:24:03.470474 (3477780) main____ INFO      hostname  : della9.princeton.edu
2025-11-15 15:24:03.470550 (3477780) main____ INFO      pid       : 3477780
2025-11-15 15:24:03.470687 (3477780) main____ INFO      arguments : '-style' 'windows' '-batch' '-tcl' '/home/ab2113/malik25_26/metrex/dataset/version_1/jasper_syntax_check.tcl'
2025-11-15 15:24:03.470884 (3477780) main____ INFO      locale    : UTF-8
2025-11-15 15:24:03.471050 (3477780) main____ INFO    ----------------------------------------
2025-11-15 15:24:03.471219 (3477780) main____ INFO    System resource limits info:
2025-11-15 15:24:03.471399 (3477780) main____ INFO      virtual memory: unlimited
2025-11-15 15:24:03.471463 (3477780) main____ INFO      cpu time      : unlimited
2025-11-15 15:24:03.471657 (3477780) main____ INFO      stack size    : unlimited
2025-11-15 15:24:03.471716 (3477780) main____ INFO      core file size: unlimited
2025-11-15 15:24:03.471855 (3477780) main____ INFO      open files    : 5120
2025-11-15 15:24:03.472071 (3477780) main____ INFO      file size     : unlimited
2025-11-15 15:24:03.472134 (3477780) main____ INFO    ----------------------------------------
2025-11-15 15:24:03.472263 (3477780) main____ INFO    Memory statistics:
2025-11-15 15:24:03.472469 (3477780) main____ INFO      total physical memory  : 1584164420 kB
2025-11-15 15:24:03.472633 (3477780) main____ INFO      free physical memory   : 28380896 kB
2025-11-15 15:24:03.472804 (3477780) main____ INFO      committed address space: 2493722588 kB
2025-11-15 15:24:03.473033 (3477780) main____ INFO    ----------------------------------------
2025-11-15 15:24:03.473610 (3477780) main____ INFO    Important environment variables:
2025-11-15 15:24:03.473797 (3477780) main____ INFO      JASPER_INSTALL_DIR: '/usr/licensed/cadence-20210126/jasper_2021.03'
2025-11-15 15:24:03.473990 (3477780) main____ INFO      LANG              : 'en_US.UTF-8'
2025-11-15 15:24:03.474165 (3477780) main____ INFO      LM_LICENSE_FILE   : '5280@license.rc.princeton.edu'
2025-11-15 15:24:03.474384 (3477780) main____ INFO    ----------------------------------------
2025-11-15 15:24:03.475965 (3477780) lic_core INFO    Initializing license system ...
2025-11-15 15:24:03.480846 (3477780) lic_core INFO    ... license system initialized.
2025-11-15 15:24:03.482522 (3477780) lic__man INFO    Claim 'fpv' for <ui>.
2025-11-15 15:24:03.482718 (3477780) lic_core INFO    (1) checking out 'jasper_fpv' ...
2025-11-15 15:24:03.488478 (3477780) lic_core INFO    ... (1) checkout failed (error: -5) ("FLEXnet ERROR(-5, 0, 0): No such feature exists.")
2025-11-15 15:24:03.488607 (3477780) lic_core INFO    (2) checking out 'jasper_fao' ...
2025-11-15 15:24:03.497034 (3477780) lic_core INFO    ... (2) checkout succeeded
2025-11-15 15:24:03.544541 (3477780) session_ INFO    Starting analysis session with session id 'session_0' (launcher: <local>) ...
2025-11-15 15:24:03.546350 (3477780) session_ INFO    Analysis session with session id 'session_0' started (pid: 3477795)
2025-11-15 15:24:04.312704 (3477780) session_ INFO    Analysis session 'session_0' connected to the console (host: 127.0.0.1:48664)
2025-11-15 15:24:04.985124 (3477780) main____ INFO    About to exit: request to exit with status 1 received from analysis session 'session_0'
2025-11-15 15:24:05.041478 (3477780) session_ INFO    Analysis session 'session_0' disconnected.
2025-11-15 15:24:05.041919 (3477780) lic__man INFO    Unclaim everything for 'session_0'.
2025-11-15 15:24:05.042116 (3477780) session_ INFO    Process for analysis session 'session_0' has exited with exit status '1'.
2025-11-15 15:24:07.088834 (3477780) lic_core INFO    (2) checkin jasper_fao
2025-11-15 15:24:07.090439 (3477780) main____ INFO    Exiting with status 1.
