2025-11-15 20:04:57.814302 (2027868) main____ INFO    ----------------------------------------
2025-11-15 20:04:57.814411 (2027868) main____ INFO    JasperGold version info
2025-11-15 20:04:57.814476 (2027868) main____ INFO      tool      : JasperGold 2021.03
2025-11-15 20:04:57.814543 (2027868) main____ INFO      version   : 2021.03 FCS 64 bits
2025-11-15 20:04:57.814614 (2027868) main____ INFO      build date: 2021.03.23 02:50:43 UTC
2025-11-15 20:04:57.814677 (2027868) main____ INFO    ----------------------------------------
2025-11-15 20:04:57.814738 (2027868) main____ INFO    Runtime info:
2025-11-15 20:04:57.814803 (2027868) main____ INFO      platform  : Linux 5.14.0-570.62.1.el9_6.x86_64 x86_64
2025-11-15 20:04:57.814868 (2027868) main____ INFO      hostname  : della9.princeton.edu
2025-11-15 20:04:57.814952 (2027868) main____ INFO      pid       : 2027868
2025-11-15 20:04:57.815018 (2027868) main____ INFO      arguments : '-style' 'windows' '-batch' '-tcl' './jasper_syntax_check.tcl'
2025-11-15 20:04:57.815085 (2027868) main____ INFO      locale    : UTF-8
2025-11-15 20:04:57.815149 (2027868) main____ INFO    ----------------------------------------
2025-11-15 20:04:57.815218 (2027868) main____ INFO    System resource limits info:
2025-11-15 20:04:57.815284 (2027868) main____ INFO      virtual memory: unlimited
2025-11-15 20:04:57.815348 (2027868) main____ INFO      cpu time      : unlimited
2025-11-15 20:04:57.815414 (2027868) main____ INFO      stack size    : unlimited
2025-11-15 20:04:57.815476 (2027868) main____ INFO      core file size: unlimited
2025-11-15 20:04:57.815559 (2027868) main____ INFO      open files    : 5120
2025-11-15 20:04:57.815637 (2027868) main____ INFO      file size     : unlimited
2025-11-15 20:04:57.815706 (2027868) main____ INFO    ----------------------------------------
2025-11-15 20:04:57.815774 (2027868) main____ INFO    Memory statistics:
2025-11-15 20:04:57.815877 (2027868) main____ INFO      total physical memory  : 1584164420 kB
2025-11-15 20:04:57.815973 (2027868) main____ INFO      free physical memory   : 172675544 kB
2025-11-15 20:04:57.816066 (2027868) main____ INFO      committed address space: 2319865416 kB
2025-11-15 20:04:57.816163 (2027868) main____ INFO    ----------------------------------------
2025-11-15 20:04:57.816708 (2027868) main____ INFO    Important environment variables:
2025-11-15 20:04:57.816815 (2027868) main____ INFO      JASPER_INSTALL_DIR: '/usr/licensed/cadence-20210126/jasper_2021.03'
2025-11-15 20:04:57.816945 (2027868) main____ INFO      LANG              : 'en_US.UTF-8'
2025-11-15 20:04:57.817057 (2027868) main____ INFO      LM_LICENSE_FILE   : '5280@license.rc.princeton.edu'
2025-11-15 20:04:57.817166 (2027868) main____ INFO    ----------------------------------------
2025-11-15 20:04:57.818553 (2027868) lic_core INFO    Initializing license system ...
2025-11-15 20:04:57.819389 (2027868) lic_core INFO    ... license system initialized.
2025-11-15 20:04:57.820192 (2027868) lic__man INFO    Claim 'fpv' for <ui>.
2025-11-15 20:04:57.820315 (2027868) lic_core INFO    (1) checking out 'jasper_fpv' ...
2025-11-15 20:04:57.825346 (2027868) lic_core INFO    ... (1) checkout failed (error: -5) ("FLEXnet ERROR(-5, 0, 0): No such feature exists.")
2025-11-15 20:04:57.825471 (2027868) lic_core INFO    (2) checking out 'jasper_fao' ...
2025-11-15 20:04:57.833653 (2027868) lic_core INFO    ... (2) checkout succeeded
2025-11-15 20:04:57.845763 (2027868) session_ INFO    Starting analysis session with session id 'session_0' (launcher: <local>) ...
2025-11-15 20:04:57.847572 (2027868) session_ INFO    Analysis session with session id 'session_0' started (pid: 2027880)
2025-11-15 20:04:58.388395 (2027868) session_ INFO    Analysis session 'session_0' connected to the console (host: 127.0.0.1:40216)
2025-11-15 20:04:58.994114 (2027868) main____ INFO    About to exit: request to exit with status 1 received from analysis session 'session_0'
2025-11-15 20:04:59.050322 (2027868) session_ INFO    Analysis session 'session_0' disconnected.
2025-11-15 20:04:59.050639 (2027868) lic__man INFO    Unclaim everything for 'session_0'.
2025-11-15 20:04:59.050847 (2027868) session_ INFO    Process for analysis session 'session_0' has exited with exit status '1'.
2025-11-15 20:05:01.097066 (2027868) lic_core INFO    (2) checkin jasper_fao
2025-11-15 20:05:01.098427 (2027868) main____ INFO    Exiting with status 1.
